# JRE version: Java(TM) SE Runtime Environment (7.0_79-b15) (build 1.7.0_79-b15)
# Java VM: Java HotSpot(TM) 64-Bit Server VM (24.79-b02 mixed mode linux-amd64 compressed oops)
Heap
 PSYoungGen      total 40448K, used 29618K [0x00000007d6e00000, 0x00000007d9f80000, 0x0000000800000000)
  eden space 31232K, 78% used [0x00000007d6e00000,0x00000007d85d0580,0x00000007d8c80000)
  from space 9216K, 56% used [0x00000007d9680000,0x00000007d9b9c390,0x00000007d9f80000)
  to   space 9728K, 0% used [0x00000007d8c80000,0x00000007d8c80000,0x00000007d9600000)
 ParOldGen       total 83968K, used 5383K [0x0000000784a00000, 0x0000000789c00000, 0x00000007d6e00000)
  object space 83968K, 6% used [0x0000000784a00000,0x0000000784f41e70,0x0000000789c00000)
 PSPermGen       total 21504K, used 9537K [0x000000077f800000, 0x0000000780d00000, 0x0000000784a00000)
  object space 21504K, 44% used [0x000000077f800000,0x0000000780150568,0x0000000780d00000)
GC Heap History (10 events):
Event: 558.223 GC heap before
{Heap before GC invocations=2 (full 0):
 PSYoungGen      total 37376K, used 37344K [0x00000007d6e00000, 0x00000007d9780000, 0x0000000800000000)
  eden space 32256K, 100% used [0x00000007d6e00000,0x00000007d8d80000,0x00000007d8d80000)
  from space 5120K, 99% used [0x00000007d8d80000,0x00000007d9278360,0x00000007d9280000)
  to   space 5120K, 0% used [0x00000007d9280000,0x00000007d9280000,0x00000007d9780000)
 ParOldGen       total 83968K, used 4565K [0x0000000784a00000, 0x0000000789c00000, 0x00000007d6e00000)
  object space 83968K, 5% used [0x0000000784a00000,0x0000000784e754f0,0x0000000789c00000)
 PSPermGen       total 21504K, used 9485K [0x000000077f800000, 0x0000000780d00000, 0x0000000784a00000)
  object space 21504K, 44% used [0x000000077f800000,0x0000000780143648,0x0000000780d00000)
Event: 558.236 GC heap after
Heap after GC invocations=2 (full 0):
 PSYoungGen      total 37376K, used 5088K [0x00000007d6e00000, 0x00000007d9780000, 0x0000000800000000)
  eden space 32256K, 0% used [0x00000007d6e00000,0x00000007d6e00000,0x00000007d8d80000)
  from space 5120K, 99% used [0x00000007d9280000,0x00000007d9778380,0x00000007d9780000)
  to   space 5120K, 0% used [0x00000007d8d80000,0x00000007d8d80000,0x00000007d9280000)
 ParOldGen       total 83968K, used 4735K [0x0000000784a00000, 0x0000000789c00000, 0x00000007d6e00000)
  object space 83968K, 5% used [0x0000000784a00000,0x0000000784e9fe70,0x0000000789c00000)
 PSPermGen       total 21504K, used 9485K [0x000000077f800000, 0x0000000780d00000, 0x0000000784a00000)
  object space 21504K, 44% used [0x000000077f800000,0x0000000780143648,0x0000000780d00000)
}
Event: 1772.187 GC heap before
{Heap before GC invocations=3 (full 0):
 PSYoungGen      total 37376K, used 37344K [0x00000007d6e00000, 0x00000007d9780000, 0x0000000800000000)
  eden space 32256K, 100% used [0x00000007d6e00000,0x00000007d8d80000,0x00000007d8d80000)
  from space 5120K, 99% used [0x00000007d9280000,0x00000007d9778380,0x00000007d9780000)
  to   space 5120K, 0% used [0x00000007d8d80000,0x00000007d8d80000,0x00000007d9280000)
 ParOldGen       total 83968K, used 4735K [0x0000000784a00000, 0x0000000789c00000, 0x00000007d6e00000)
  object space 83968K, 5% used [0x0000000784a00000,0x0000000784e9fe70,0x0000000789c00000)
 PSPermGen       total 21504K, used 9525K [0x000000077f800000, 0x0000000780d00000, 0x0000000784a00000)
  object space 21504K, 44% used [0x000000077f800000,0x000000078014d440,0x0000000780d00000)
Event: 1772.194 GC heap after
Heap after GC invocations=3 (full 0):
 PSYoungGen      total 37376K, used 5104K [0x00000007d6e00000, 0x00000007d9780000, 0x0000000800000000)
  eden space 32256K, 0% used [0x00000007d6e00000,0x00000007d6e00000,0x00000007d8d80000)
  from space 5120K, 99% used [0x00000007d8d80000,0x00000007d927c390,0x00000007d9280000)
  to   space 5120K, 0% used [0x00000007d9280000,0x00000007d9280000,0x00000007d9780000)
 ParOldGen       total 83968K, used 5055K [0x0000000784a00000, 0x0000000789c00000, 0x00000007d6e00000)
  object space 83968K, 6% used [0x0000000784a00000,0x0000000784eefe70,0x0000000789c00000)
 PSPermGen       total 21504K, used 9525K [0x000000077f800000, 0x0000000780d00000, 0x0000000784a00000)
  object space 21504K, 44% used [0x000000077f800000,0x000000078014d440,0x0000000780d00000)
}
Event: 2916.463 GC heap before
{Heap before GC invocations=4 (full 0):
 PSYoungGen      total 37376K, used 37360K [0x00000007d6e00000, 0x00000007d9780000, 0x0000000800000000)
  eden space 32256K, 100% used [0x00000007d6e00000,0x00000007d8d80000,0x00000007d8d80000)
  from space 5120K, 99% used [0x00000007d8d80000,0x00000007d927c390,0x00000007d9280000)
  to   space 5120K, 0% used [0x00000007d9280000,0x00000007d9280000,0x00000007d9780000)
 ParOldGen       total 83968K, used 5055K [0x0000000784a00000, 0x0000000789c00000, 0x00000007d6e00000)
  object space 83968K, 6% used [0x0000000784a00000,0x0000000784eefe70,0x0000000789c00000)
 PSPermGen       total 21504K, used 9531K [0x000000077f800000, 0x0000000780d00000, 0x0000000784a00000)
  object space 21504K, 44% used [0x000000077f800000,0x000000078014ee98,0x0000000780d00000)
Event: 2916.471 GC heap after
Heap after GC invocations=4 (full 0):
 PSYoungGen      total 37376K, used 5088K [0x00000007d6e00000, 0x00000007d9780000, 0x0000000800000000)
  eden space 32256K, 0% used [0x00000007d6e00000,0x00000007d6e00000,0x00000007d8d80000)
  from space 5120K, 99% used [0x00000007d9280000,0x00000007d9778360,0x00000007d9780000)
  to   space 5120K, 0% used [0x00000007d8d80000,0x00000007d8d80000,0x00000007d9280000)
 ParOldGen       total 83968K, used 5375K [0x0000000784a00000, 0x0000000789c00000, 0x00000007d6e00000)
  object space 83968K, 6% used [0x0000000784a00000,0x0000000784f3fe70,0x0000000789c00000)
 PSPermGen       total 21504K, used 9531K [0x000000077f800000, 0x0000000780d00000, 0x0000000784a00000)
  object space 21504K, 44% used [0x000000077f800000,0x000000078014ee98,0x0000000780d00000)
}
Event: 3068.943 GC heap before
{Heap before GC invocations=5 (full 0):
 PSYoungGen      total 37376K, used 37344K [0x00000007d6e00000, 0x00000007d9780000, 0x0000000800000000)
  eden space 32256K, 100% used [0x00000007d6e00000,0x00000007d8d80000,0x00000007d8d80000)
  from space 5120K, 99% used [0x00000007d9280000,0x00000007d9778360,0x00000007d9780000)
  to   space 5120K, 0% used [0x00000007d8d80000,0x00000007d8d80000,0x00000007d9280000)
 ParOldGen       total 83968K, used 5375K [0x0000000784a00000, 0x0000000789c00000, 0x00000007d6e00000)
  object space 83968K, 6% used [0x0000000784a00000,0x0000000784f3fe70,0x0000000789c00000)
 PSPermGen       total 21504K, used 9534K [0x000000077f800000, 0x0000000780d00000, 0x0000000784a00000)
  object space 21504K, 44% used [0x000000077f800000,0x000000078014fa80,0x0000000780d00000)
Event: 3068.949 GC heap after
Heap after GC invocations=5 (full 0):
 PSYoungGen      total 36864K, used 5088K [0x00000007d6e00000, 0x00000007da000000, 0x0000000800000000)
  eden space 31744K, 0% used [0x00000007d6e00000,0x00000007d6e00000,0x00000007d8d00000)
  from space 5120K, 99% used [0x00000007d8d80000,0x00000007d9278380,0x00000007d9280000)
  to   space 9728K, 0% used [0x00000007d9680000,0x00000007d9680000,0x00000007da000000)
 ParOldGen       total 83968K, used 5375K [0x0000000784a00000, 0x0000000789c00000, 0x00000007d6e00000)
  object space 83968K, 6% used [0x0000000784a00000,0x0000000784f3fe70,0x0000000789c00000)
 PSPermGen       total 21504K, used 9534K [0x000000077f800000, 0x0000000780d00000, 0x0000000784a00000)
  object space 21504K, 44% used [0x000000077f800000,0x000000078014fa80,0x0000000780d00000)
}
Event: 4183.525 GC heap before
{Heap before GC invocations=6 (full 0):
 PSYoungGen      total 36864K, used 36832K [0x00000007d6e00000, 0x00000007da000000, 0x0000000800000000)
  eden space 31744K, 100% used [0x00000007d6e00000,0x00000007d8d00000,0x00000007d8d00000)
  from space 5120K, 99% used [0x00000007d8d80000,0x00000007d9278380,0x00000007d9280000)
  to   space 9728K, 0% used [0x00000007d9680000,0x00000007d9680000,0x00000007da000000)
 ParOldGen       total 83968K, used 5375K [0x0000000784a00000, 0x0000000789c00000, 0x00000007d6e00000)
  object space 83968K, 6% used [0x0000000784a00000,0x0000000784f3fe70,0x0000000789c00000)
 PSPermGen       total 21504K, used 9536K [0x000000077f800000, 0x0000000780d00000, 0x0000000784a00000)
  object space 21504K, 44% used [0x000000077f800000,0x00000007801503c8,0x0000000780d00000)
Event: 4183.536 GC heap after
Heap after GC invocations=6 (full 0):
 PSYoungGen      total 40448K, used 5232K [0x00000007d6e00000, 0x00000007d9f80000, 0x0000000800000000)
  eden space 31232K, 0% used [0x00000007d6e00000,0x00000007d6e00000,0x00000007d8c80000)
  from space 9216K, 56% used [0x00000007d9680000,0x00000007d9b9c390,0x00000007d9f80000)
  to   space 9728K, 0% used [0x00000007d8c80000,0x00000007d8c80000,0x00000007d9600000)
 ParOldGen       total 83968K, used 5383K [0x0000000784a00000, 0x0000000789c00000, 0x00000007d6e00000)
  object space 83968K, 6% used [0x0000000784a00000,0x0000000784f41e70,0x0000000789c00000)
 PSPermGen       total 21504K, used 9536K [0x000000077f800000, 0x0000000780d00000, 0x0000000784a00000)
  object space 21504K, 44% used [0x000000077f800000,0x00000007801503c8,0x0000000780d00000)
}

