# JRE version: Java(TM) SE Runtime Environment (7.0_79-b15) (build 1.7.0_79-b15)
# Java VM: Java HotSpot(TM) 64-Bit Server VM (24.79-b02 mixed mode linux-amd64 compressed oops)
Heap
 PSYoungGen      total 40448K, used 18022K [0x00000007d6e00000, 0x00000007da180000, 0x0000000800000000)
  eden space 39424K, 44% used [0x00000007d6e00000,0x00000007d7f11b08,0x00000007d9480000)
  from space 1024K, 53% used [0x00000007d9580000,0x00000007d9608000,0x00000007d9680000)
  to   space 6656K, 0% used [0x00000007d9b00000,0x00000007d9b00000,0x00000007da180000)
 ParOldGen       total 83968K, used 11427K [0x0000000784a00000, 0x0000000789c00000, 0x00000007d6e00000)
  object space 83968K, 13% used [0x0000000784a00000,0x0000000785528f38,0x0000000789c00000)
 PSPermGen       total 21504K, used 9801K [0x000000077f800000, 0x0000000780d00000, 0x0000000784a00000)
  object space 21504K, 45% used [0x000000077f800000,0x0000000780192780,0x0000000780d00000)
GC Heap History (10 events):
Event: 24730.565 GC heap before
{Heap before GC invocations=19 (full 0):
 PSYoungGen      total 51712K, used 44992K [0x00000007d6e00000, 0x00000007daa80000, 0x0000000800000000)
  eden space 44544K, 100% used [0x00000007d6e00000,0x00000007d9980000,0x00000007d9980000)
  from space 7168K, 6% used [0x00000007da380000,0x00000007da3f0000,0x00000007daa80000)
  to   space 8704K, 0% used [0x00000007d9980000,0x00000007d9980000,0x00000007da200000)
 ParOldGen       total 83968K, used 11307K [0x0000000784a00000, 0x0000000789c00000, 0x00000007d6e00000)
  object space 83968K, 13% used [0x0000000784a00000,0x000000078550af38,0x0000000789c00000)
 PSPermGen       total 21504K, used 9786K [0x000000077f800000, 0x0000000780d00000, 0x0000000784a00000)
  object space 21504K, 45% used [0x000000077f800000,0x000000078018eb38,0x0000000780d00000)
Event: 24730.570 GC heap after
Heap after GC invocations=19 (full 0):
 PSYoungGen      total 44032K, used 416K [0x00000007d6e00000, 0x00000007da880000, 0x0000000800000000)
  eden space 43520K, 0% used [0x00000007d6e00000,0x00000007d6e00000,0x00000007d9880000)
  from space 512K, 81% used [0x00000007d9980000,0x00000007d99e8000,0x00000007d9a00000)
  to   space 8192K, 0% used [0x00000007da080000,0x00000007da080000,0x00000007da880000)
 ParOldGen       total 83968K, used 11315K [0x0000000784a00000, 0x0000000789c00000, 0x00000007d6e00000)
  object space 83968K, 13% used [0x0000000784a00000,0x000000078550cf38,0x0000000789c00000)
 PSPermGen       total 21504K, used 9786K [0x000000077f800000, 0x0000000780d00000, 0x0000000784a00000)
  object space 21504K, 45% used [0x000000077f800000,0x000000078018eb38,0x0000000780d00000)
}
Event: 25169.667 GC heap before
{Heap before GC invocations=20 (full 0):
 PSYoungGen      total 44032K, used 43936K [0x00000007d6e00000, 0x00000007da880000, 0x0000000800000000)
  eden space 43520K, 100% used [0x00000007d6e00000,0x00000007d9880000,0x00000007d9880000)
  from space 512K, 81% used [0x00000007d9980000,0x00000007d99e8000,0x00000007d9a00000)
  to   space 8192K, 0% used [0x00000007da080000,0x00000007da080000,0x00000007da880000)
 ParOldGen       total 83968K, used 11315K [0x0000000784a00000, 0x0000000789c00000, 0x00000007d6e00000)
  object space 83968K, 13% used [0x0000000784a00000,0x000000078550cf38,0x0000000789c00000)
 PSPermGen       total 21504K, used 9786K [0x000000077f800000, 0x0000000780d00000, 0x0000000784a00000)
  object space 21504K, 45% used [0x000000077f800000,0x000000078018eb38,0x0000000780d00000)
Event: 25169.669 GC heap after
Heap after GC invocations=20 (full 0):
 PSYoungGen      total 49664K, used 256K [0x00000007d6e00000, 0x00000007da780000, 0x0000000800000000)
  eden space 42496K, 0% used [0x00000007d6e00000,0x00000007d6e00000,0x00000007d9780000)
  from space 7168K, 3% used [0x00000007da080000,0x00000007da0c0000,0x00000007da780000)
  to   space 8192K, 0% used [0x00000007d9780000,0x00000007d9780000,0x00000007d9f80000)
 ParOldGen       total 83968K, used 11331K [0x0000000784a00000, 0x0000000789c00000, 0x00000007d6e00000)
  object space 83968K, 13% used [0x0000000784a00000,0x0000000785510f38,0x0000000789c00000)
 PSPermGen       total 21504K, used 9786K [0x000000077f800000, 0x0000000780d00000, 0x0000000784a00000)
  object space 21504K, 45% used [0x000000077f800000,0x000000078018eb38,0x0000000780d00000)
}
Event: 25373.259 GC heap before
{Heap before GC invocations=21 (full 0):
 PSYoungGen      total 49664K, used 42752K [0x00000007d6e00000, 0x00000007da780000, 0x0000000800000000)
  eden space 42496K, 100% used [0x00000007d6e00000,0x00000007d9780000,0x00000007d9780000)
  from space 7168K, 3% used [0x00000007da080000,0x00000007da0c0000,0x00000007da780000)
  to   space 8192K, 0% used [0x00000007d9780000,0x00000007d9780000,0x00000007d9f80000)
 ParOldGen       total 83968K, used 11331K [0x0000000784a00000, 0x0000000789c00000, 0x00000007d6e00000)
  object space 83968K, 13% used [0x0000000784a00000,0x0000000785510f38,0x0000000789c00000)
 PSPermGen       total 21504K, used 9786K [0x000000077f800000, 0x0000000780d00000, 0x0000000784a00000)
  object space 21504K, 45% used [0x000000077f800000,0x000000078018eb38,0x0000000780d00000)
Event: 25373.262 GC heap after
Heap after GC invocations=21 (full 0):
 PSYoungGen      total 41984K, used 224K [0x00000007d6e00000, 0x00000007da580000, 0x0000000800000000)
  eden space 41472K, 0% used [0x00000007d6e00000,0x00000007d6e00000,0x00000007d9680000)
  from space 512K, 43% used [0x00000007d9780000,0x00000007d97b8000,0x00000007d9800000)
  to   space 7680K, 0% used [0x00000007d9e00000,0x00000007d9e00000,0x00000007da580000)
 ParOldGen       total 83968K, used 11371K [0x0000000784a00000, 0x0000000789c00000, 0x00000007d6e00000)
  object space 83968K, 13% used [0x0000000784a00000,0x000000078551af38,0x0000000789c00000)
 PSPermGen       total 21504K, used 9786K [0x000000077f800000, 0x0000000780d00000, 0x0000000784a00000)
  object space 21504K, 45% used [0x000000077f800000,0x000000078018eb38,0x0000000780d00000)
}
Event: 25531.796 GC heap before
{Heap before GC invocations=22 (full 0):
 PSYoungGen      total 41984K, used 41696K [0x00000007d6e00000, 0x00000007da580000, 0x0000000800000000)
  eden space 41472K, 100% used [0x00000007d6e00000,0x00000007d9680000,0x00000007d9680000)
  from space 512K, 43% used [0x00000007d9780000,0x00000007d97b8000,0x00000007d9800000)
  to   space 7680K, 0% used [0x00000007d9e00000,0x00000007d9e00000,0x00000007da580000)
 ParOldGen       total 83968K, used 11371K [0x0000000784a00000, 0x0000000789c00000, 0x00000007d6e00000)
  object space 83968K, 13% used [0x0000000784a00000,0x000000078551af38,0x0000000789c00000)
 PSPermGen       total 21504K, used 9789K [0x000000077f800000, 0x0000000780d00000, 0x0000000784a00000)
  object space 21504K, 45% used [0x000000077f800000,0x000000078018f6e0,0x0000000780d00000)
Event: 25531.798 GC heap after
Heap after GC invocations=22 (full 0):
 PSYoungGen      total 46080K, used 192K [0x00000007d6e00000, 0x00000007da380000, 0x0000000800000000)
  eden space 40448K, 0% used [0x00000007d6e00000,0x00000007d6e00000,0x00000007d9580000)
  from space 5632K, 3% used [0x00000007d9e00000,0x00000007d9e30000,0x00000007da380000)
  to   space 7168K, 0% used [0x00000007d9580000,0x00000007d9580000,0x00000007d9c80000)
 ParOldGen       total 83968K, used 11395K [0x0000000784a00000, 0x0000000789c00000, 0x00000007d6e00000)
  object space 83968K, 13% used [0x0000000784a00000,0x0000000785520f38,0x0000000789c00000)
 PSPermGen       total 21504K, used 9789K [0x000000077f800000, 0x0000000780d00000, 0x0000000784a00000)
  object space 21504K, 45% used [0x000000077f800000,0x000000078018f6e0,0x0000000780d00000)
}
Event: 26928.623 GC heap before
{Heap before GC invocations=23 (full 0):
 PSYoungGen      total 46080K, used 40640K [0x00000007d6e00000, 0x00000007da380000, 0x0000000800000000)
  eden space 40448K, 100% used [0x00000007d6e00000,0x00000007d9580000,0x00000007d9580000)
  from space 5632K, 3% used [0x00000007d9e00000,0x00000007d9e30000,0x00000007da380000)
  to   space 7168K, 0% used [0x00000007d9580000,0x00000007d9580000,0x00000007d9c80000)
 ParOldGen       total 83968K, used 11395K [0x0000000784a00000, 0x0000000789c00000, 0x00000007d6e00000)
  object space 83968K, 13% used [0x0000000784a00000,0x0000000785520f38,0x0000000789c00000)
 PSPermGen       total 21504K, used 9799K [0x000000077f800000, 0x0000000780d00000, 0x0000000784a00000)
  object space 21504K, 45% used [0x000000077f800000,0x0000000780191dd8,0x0000000780d00000)
Event: 26928.627 GC heap after
Heap after GC invocations=23 (full 0):
 PSYoungGen      total 40448K, used 544K [0x00000007d6e00000, 0x00000007da180000, 0x0000000800000000)
  eden space 39424K, 0% used [0x00000007d6e00000,0x00000007d6e00000,0x00000007d9480000)
  from space 1024K, 53% used [0x00000007d9580000,0x00000007d9608000,0x00000007d9680000)
  to   space 6656K, 0% used [0x00000007d9b00000,0x00000007d9b00000,0x00000007da180000)
 ParOldGen       total 83968K, used 11427K [0x0000000784a00000, 0x0000000789c00000, 0x00000007d6e00000)
  object space 83968K, 13% used [0x0000000784a00000,0x0000000785528f38,0x0000000789c00000)
 PSPermGen       total 21504K, used 9799K [0x000000077f800000, 0x0000000780d00000, 0x0000000784a00000)
  object space 21504K, 45% used [0x000000077f800000,0x0000000780191dd8,0x0000000780d00000)
}

