# JRE version: Java(TM) SE Runtime Environment (7.0_79-b15) (build 1.7.0_79-b15)
# Java VM: Java HotSpot(TM) 64-Bit Server VM (24.79-b02 mixed mode linux-amd64 compressed oops)
Heap
 PSYoungGen      total 59904K, used 36028K [0x00000007d6e00000, 0x00000007dbb80000, 0x0000000800000000)
  eden space 58880K, 60% used [0x00000007d6e00000,0x00000007d909f080,0x00000007da780000)
  from space 1024K, 56% used [0x00000007da900000,0x00000007da990000,0x00000007daa00000)
  to   space 10240K, 0% used [0x00000007db180000,0x00000007db180000,0x00000007dbb80000)
 ParOldGen       total 83968K, used 10466K [0x0000000784a00000, 0x0000000789c00000, 0x00000007d6e00000)
  object space 83968K, 12% used [0x0000000784a00000,0x00000007854389b0,0x0000000789c00000)
 PSPermGen       total 21504K, used 9812K [0x000000077f800000, 0x0000000780d00000, 0x0000000784a00000)
  object space 21504K, 45% used [0x000000077f800000,0x0000000780195240,0x0000000780d00000)
GC Heap History (10 events):
Event: 1727.468 GC heap before
{Heap before GC invocations=3 (full 0):
 PSYoungGen      total 69632K, used 69616K [0x00000007d6e00000, 0x00000007db700000, 0x0000000800000000)
  eden space 64512K, 100% used [0x00000007d6e00000,0x00000007dad00000,0x00000007dad00000)
  from space 5120K, 99% used [0x00000007db200000,0x00000007db6fc3e0,0x00000007db700000)
  to   space 5120K, 0% used [0x00000007dad00000,0x00000007dad00000,0x00000007db200000)
 ParOldGen       total 83968K, used 4682K [0x0000000784a00000, 0x0000000789c00000, 0x00000007d6e00000)
  object space 83968K, 5% used [0x0000000784a00000,0x0000000784e92820,0x0000000789c00000)
 PSPermGen       total 21504K, used 9538K [0x000000077f800000, 0x0000000780d00000, 0x0000000784a00000)
  object space 21504K, 44% used [0x000000077f800000,0x00000007801509a8,0x0000000780d00000)
Event: 1727.475 GC heap after
Heap after GC invocations=3 (full 0):
 PSYoungGen      total 69632K, used 5088K [0x00000007d6e00000, 0x00000007db700000, 0x0000000800000000)
  eden space 64512K, 0% used [0x00000007d6e00000,0x00000007d6e00000,0x00000007dad00000)
  from space 5120K, 99% used [0x00000007dad00000,0x00000007db1f83b0,0x00000007db200000)
  to   space 5120K, 0% used [0x00000007db200000,0x00000007db200000,0x00000007db700000)
 ParOldGen       total 83968K, used 5090K [0x0000000784a00000, 0x0000000789c00000, 0x00000007d6e00000)
  object space 83968K, 6% used [0x0000000784a00000,0x0000000784ef8840,0x0000000789c00000)
 PSPermGen       total 21504K, used 9538K [0x000000077f800000, 0x0000000780d00000, 0x0000000784a00000)
  object space 21504K, 44% used [0x000000077f800000,0x00000007801509a8,0x0000000780d00000)
}
Event: 2822.542 GC heap before
{Heap before GC invocations=4 (full 0):
 PSYoungGen      total 69632K, used 69600K [0x00000007d6e00000, 0x00000007db700000, 0x0000000800000000)
  eden space 64512K, 100% used [0x00000007d6e00000,0x00000007dad00000,0x00000007dad00000)
  from space 5120K, 99% used [0x00000007dad00000,0x00000007db1f83b0,0x00000007db200000)
  to   space 5120K, 0% used [0x00000007db200000,0x00000007db200000,0x00000007db700000)
 ParOldGen       total 83968K, used 5090K [0x0000000784a00000, 0x0000000789c00000, 0x00000007d6e00000)
  object space 83968K, 6% used [0x0000000784a00000,0x0000000784ef8840,0x0000000789c00000)
 PSPermGen       total 21504K, used 9546K [0x000000077f800000, 0x0000000780d00000, 0x0000000784a00000)
  object space 21504K, 44% used [0x000000077f800000,0x0000000780152830,0x0000000780d00000)
Event: 2822.548 GC heap after
Heap after GC invocations=4 (full 0):
 PSYoungGen      total 69632K, used 5104K [0x00000007d6e00000, 0x00000007db700000, 0x0000000800000000)
  eden space 64512K, 0% used [0x00000007d6e00000,0x00000007d6e00000,0x00000007dad00000)
  from space 5120K, 99% used [0x00000007db200000,0x00000007db6fc3c0,0x00000007db700000)
  to   space 5120K, 0% used [0x00000007dad00000,0x00000007dad00000,0x00000007db200000)
 ParOldGen       total 83968K, used 5298K [0x0000000784a00000, 0x0000000789c00000, 0x00000007d6e00000)
  object space 83968K, 6% used [0x0000000784a00000,0x0000000784f2c840,0x0000000789c00000)
 PSPermGen       total 21504K, used 9546K [0x000000077f800000, 0x0000000780d00000, 0x0000000784a00000)
  object space 21504K, 44% used [0x000000077f800000,0x0000000780152830,0x0000000780d00000)
}
Event: 3876.550 GC heap before
{Heap before GC invocations=5 (full 0):
 PSYoungGen      total 69632K, used 69616K [0x00000007d6e00000, 0x00000007db700000, 0x0000000800000000)
  eden space 64512K, 100% used [0x00000007d6e00000,0x00000007dad00000,0x00000007dad00000)
  from space 5120K, 99% used [0x00000007db200000,0x00000007db6fc3c0,0x00000007db700000)
  to   space 5120K, 0% used [0x00000007dad00000,0x00000007dad00000,0x00000007db200000)
 ParOldGen       total 83968K, used 5298K [0x0000000784a00000, 0x0000000789c00000, 0x00000007d6e00000)
  object space 83968K, 6% used [0x0000000784a00000,0x0000000784f2c840,0x0000000789c00000)
 PSPermGen       total 21504K, used 9709K [0x000000077f800000, 0x0000000780d00000, 0x0000000784a00000)
  object space 21504K, 45% used [0x000000077f800000,0x000000078017b4f8,0x0000000780d00000)
Event: 3876.557 GC heap after
Heap after GC invocations=5 (full 0):
 PSYoungGen      total 67584K, used 5088K [0x00000007d6e00000, 0x00000007dbe00000, 0x0000000800000000)
  eden space 62464K, 0% used [0x00000007d6e00000,0x00000007d6e00000,0x00000007dab00000)
  from space 5120K, 99% used [0x00000007dad00000,0x00000007db1f83b0,0x00000007db200000)
  to   space 9728K, 0% used [0x00000007db480000,0x00000007db480000,0x00000007dbe00000)
 ParOldGen       total 83968K, used 5611K [0x0000000784a00000, 0x0000000789c00000, 0x00000007d6e00000)
  object space 83968K, 6% used [0x0000000784a00000,0x0000000784f7afa0,0x0000000789c00000)
 PSPermGen       total 21504K, used 9709K [0x000000077f800000, 0x0000000780d00000, 0x0000000784a00000)
  object space 21504K, 45% used [0x000000077f800000,0x000000078017b4f8,0x0000000780d00000)
}
Event: 6443.561 GC heap before
{Heap before GC invocations=6 (full 0):
 PSYoungGen      total 67584K, used 67552K [0x00000007d6e00000, 0x00000007dbe00000, 0x0000000800000000)
  eden space 62464K, 100% used [0x00000007d6e00000,0x00000007dab00000,0x00000007dab00000)
  from space 5120K, 99% used [0x00000007dad00000,0x00000007db1f83b0,0x00000007db200000)
  to   space 9728K, 0% used [0x00000007db480000,0x00000007db480000,0x00000007dbe00000)
 ParOldGen       total 83968K, used 5611K [0x0000000784a00000, 0x0000000789c00000, 0x00000007d6e00000)
  object space 83968K, 6% used [0x0000000784a00000,0x0000000784f7afa0,0x0000000789c00000)
 PSPermGen       total 21504K, used 9724K [0x000000077f800000, 0x0000000780d00000, 0x0000000784a00000)
  object space 21504K, 45% used [0x000000077f800000,0x000000078017f328,0x0000000780d00000)
Event: 6443.570 GC heap after
Heap after GC invocations=6 (full 0):
 PSYoungGen      total 67072K, used 5456K [0x00000007d6e00000, 0x00000007dbb00000, 0x0000000800000000)
  eden space 60416K, 0% used [0x00000007d6e00000,0x00000007d6e00000,0x00000007da900000)
  from space 6656K, 81% used [0x00000007db480000,0x00000007db9d43a0,0x00000007dbb00000)
  to   space 9216K, 0% used [0x00000007da900000,0x00000007da900000,0x00000007db200000)
 ParOldGen       total 83968K, used 5619K [0x0000000784a00000, 0x0000000789c00000, 0x00000007d6e00000)
  object space 83968K, 6% used [0x0000000784a00000,0x0000000784f7cfa0,0x0000000789c00000)
 PSPermGen       total 21504K, used 9724K [0x000000077f800000, 0x0000000780d00000, 0x0000000784a00000)
  object space 21504K, 45% used [0x000000077f800000,0x000000078017f328,0x0000000780d00000)
}
Event: 8874.572 GC heap before
{Heap before GC invocations=7 (full 0):
 PSYoungGen      total 67072K, used 65872K [0x00000007d6e00000, 0x00000007dbb00000, 0x0000000800000000)
  eden space 60416K, 100% used [0x00000007d6e00000,0x00000007da900000,0x00000007da900000)
  from space 6656K, 81% used [0x00000007db480000,0x00000007db9d43a0,0x00000007dbb00000)
  to   space 9216K, 0% used [0x00000007da900000,0x00000007da900000,0x00000007db200000)
 ParOldGen       total 83968K, used 5619K [0x0000000784a00000, 0x0000000789c00000, 0x00000007d6e00000)
  object space 83968K, 6% used [0x0000000784a00000,0x0000000784f7cfa0,0x0000000789c00000)
 PSPermGen       total 21504K, used 9736K [0x000000077f800000, 0x0000000780d00000, 0x0000000784a00000)
  object space 21504K, 45% used [0x000000077f800000,0x0000000780182308,0x0000000780d00000)
Event: 8874.583 GC heap after
Heap after GC invocations=7 (full 0):
 PSYoungGen      total 59904K, used 576K [0x00000007d6e00000, 0x00000007dbb80000, 0x0000000800000000)
  eden space 58880K, 0% used [0x00000007d6e00000,0x00000007d6e00000,0x00000007da780000)
  from space 1024K, 56% used [0x00000007da900000,0x00000007da990000,0x00000007daa00000)
  to   space 10240K, 0% used [0x00000007db180000,0x00000007db180000,0x00000007dbb80000)
 ParOldGen       total 83968K, used 10466K [0x0000000784a00000, 0x0000000789c00000, 0x00000007d6e00000)
  object space 83968K, 12% used [0x0000000784a00000,0x00000007854389b0,0x0000000789c00000)
 PSPermGen       total 21504K, used 9736K [0x000000077f800000, 0x0000000780d00000, 0x0000000784a00000)
  object space 21504K, 45% used [0x000000077f800000,0x0000000780182308,0x0000000780d00000)
}

