# JRE version: Java(TM) SE Runtime Environment (7.0_79-b15) (build 1.7.0_79-b15)
# Java VM: Java HotSpot(TM) 64-Bit Server VM (24.79-b02 mixed mode linux-amd64 compressed oops)
Heap
 PSYoungGen      total 24064K, used 2900K [0x00000007d6e00000, 0x00000007d8680000, 0x0000000800000000)
  eden space 23552K, 11% used [0x00000007d6e00000,0x00000007d709d2c8,0x00000007d8500000)
  from space 512K, 43% used [0x00000007d8600000,0x00000007d8638000,0x00000007d8680000)
  to   space 512K, 0% used [0x00000007d8580000,0x00000007d8580000,0x00000007d8600000)
 ParOldGen       total 83968K, used 13880K [0x0000000784a00000, 0x0000000789c00000, 0x00000007d6e00000)
  object space 83968K, 16% used [0x0000000784a00000,0x000000078578e250,0x0000000789c00000)
 PSPermGen       total 21504K, used 9881K [0x000000077f800000, 0x0000000780d00000, 0x0000000784a00000)
  object space 21504K, 45% used [0x000000077f800000,0x00000007801a6798,0x0000000780d00000)
GC Heap History (10 events):
Event: 118678.259 GC heap before
{Heap before GC invocations=186 (full 0):
 PSYoungGen      total 24064K, used 23712K [0x00000007d6e00000, 0x00000007d8680000, 0x0000000800000000)
  eden space 23552K, 100% used [0x00000007d6e00000,0x00000007d8500000,0x00000007d8500000)
  from space 512K, 31% used [0x00000007d8580000,0x00000007d85a8000,0x00000007d8600000)
  to   space 512K, 0% used [0x00000007d8600000,0x00000007d8600000,0x00000007d8680000)
 ParOldGen       total 83968K, used 13800K [0x0000000784a00000, 0x0000000789c00000, 0x00000007d6e00000)
  object space 83968K, 16% used [0x0000000784a00000,0x000000078577a250,0x0000000789c00000)
 PSPermGen       total 21504K, used 9881K [0x000000077f800000, 0x0000000780d00000, 0x0000000784a00000)
  object space 21504K, 45% used [0x000000077f800000,0x00000007801a6798,0x0000000780d00000)
Event: 118678.260 GC heap after
Heap after GC invocations=186 (full 0):
 PSYoungGen      total 24064K, used 160K [0x00000007d6e00000, 0x00000007d8680000, 0x0000000800000000)
  eden space 23552K, 0% used [0x00000007d6e00000,0x00000007d6e00000,0x00000007d8500000)
  from space 512K, 31% used [0x00000007d8600000,0x00000007d8628000,0x00000007d8680000)
  to   space 512K, 0% used [0x00000007d8580000,0x00000007d8580000,0x00000007d8600000)
 ParOldGen       total 83968K, used 13816K [0x0000000784a00000, 0x0000000789c00000, 0x00000007d6e00000)
  object space 83968K, 16% used [0x0000000784a00000,0x000000078577e250,0x0000000789c00000)
 PSPermGen       total 21504K, used 9881K [0x000000077f800000, 0x0000000780d00000, 0x0000000784a00000)
  object space 21504K, 45% used [0x000000077f800000,0x00000007801a6798,0x0000000780d00000)
}
Event: 119222.284 GC heap before
{Heap before GC invocations=187 (full 0):
 PSYoungGen      total 24064K, used 23712K [0x00000007d6e00000, 0x00000007d8680000, 0x0000000800000000)
  eden space 23552K, 100% used [0x00000007d6e00000,0x00000007d8500000,0x00000007d8500000)
  from space 512K, 31% used [0x00000007d8600000,0x00000007d8628000,0x00000007d8680000)
  to   space 512K, 0% used [0x00000007d8580000,0x00000007d8580000,0x00000007d8600000)
 ParOldGen       total 83968K, used 13816K [0x0000000784a00000, 0x0000000789c00000, 0x00000007d6e00000)
  object space 83968K, 16% used [0x0000000784a00000,0x000000078577e250,0x0000000789c00000)
 PSPermGen       total 21504K, used 9881K [0x000000077f800000, 0x0000000780d00000, 0x0000000784a00000)
  object space 21504K, 45% used [0x000000077f800000,0x00000007801a6798,0x0000000780d00000)
Event: 119222.286 GC heap after
Heap after GC invocations=187 (full 0):
 PSYoungGen      total 24064K, used 160K [0x00000007d6e00000, 0x00000007d8680000, 0x0000000800000000)
  eden space 23552K, 0% used [0x00000007d6e00000,0x00000007d6e00000,0x00000007d8500000)
  from space 512K, 31% used [0x00000007d8580000,0x00000007d85a8000,0x00000007d8600000)
  to   space 512K, 0% used [0x00000007d8600000,0x00000007d8600000,0x00000007d8680000)
 ParOldGen       total 83968K, used 13832K [0x0000000784a00000, 0x0000000789c00000, 0x00000007d6e00000)
  object space 83968K, 16% used [0x0000000784a00000,0x0000000785782250,0x0000000789c00000)
 PSPermGen       total 21504K, used 9881K [0x000000077f800000, 0x0000000780d00000, 0x0000000784a00000)
  object space 21504K, 45% used [0x000000077f800000,0x00000007801a6798,0x0000000780d00000)
}
Event: 119413.091 GC heap before
{Heap before GC invocations=188 (full 0):
 PSYoungGen      total 24064K, used 23712K [0x00000007d6e00000, 0x00000007d8680000, 0x0000000800000000)
  eden space 23552K, 100% used [0x00000007d6e00000,0x00000007d8500000,0x00000007d8500000)
  from space 512K, 31% used [0x00000007d8580000,0x00000007d85a8000,0x00000007d8600000)
  to   space 512K, 0% used [0x00000007d8600000,0x00000007d8600000,0x00000007d8680000)
 ParOldGen       total 83968K, used 13832K [0x0000000784a00000, 0x0000000789c00000, 0x00000007d6e00000)
  object space 83968K, 16% used [0x0000000784a00000,0x0000000785782250,0x0000000789c00000)
 PSPermGen       total 21504K, used 9881K [0x000000077f800000, 0x0000000780d00000, 0x0000000784a00000)
  object space 21504K, 45% used [0x000000077f800000,0x00000007801a6798,0x0000000780d00000)
Event: 119413.093 GC heap after
Heap after GC invocations=188 (full 0):
 PSYoungGen      total 24064K, used 128K [0x00000007d6e00000, 0x00000007d8680000, 0x0000000800000000)
  eden space 23552K, 0% used [0x00000007d6e00000,0x00000007d6e00000,0x00000007d8500000)
  from space 512K, 25% used [0x00000007d8600000,0x00000007d8620000,0x00000007d8680000)
  to   space 512K, 0% used [0x00000007d8580000,0x00000007d8580000,0x00000007d8600000)
 ParOldGen       total 83968K, used 13840K [0x0000000784a00000, 0x0000000789c00000, 0x00000007d6e00000)
  object space 83968K, 16% used [0x0000000784a00000,0x0000000785784250,0x0000000789c00000)
 PSPermGen       total 21504K, used 9881K [0x000000077f800000, 0x0000000780d00000, 0x0000000784a00000)
  object space 21504K, 45% used [0x000000077f800000,0x00000007801a6798,0x0000000780d00000)
}
Event: 119783.267 GC heap before
{Heap before GC invocations=189 (full 0):
 PSYoungGen      total 24064K, used 23680K [0x00000007d6e00000, 0x00000007d8680000, 0x0000000800000000)
  eden space 23552K, 100% used [0x00000007d6e00000,0x00000007d8500000,0x00000007d8500000)
  from space 512K, 25% used [0x00000007d8600000,0x00000007d8620000,0x00000007d8680000)
  to   space 512K, 0% used [0x00000007d8580000,0x00000007d8580000,0x00000007d8600000)
 ParOldGen       total 83968K, used 13840K [0x0000000784a00000, 0x0000000789c00000, 0x00000007d6e00000)
  object space 83968K, 16% used [0x0000000784a00000,0x0000000785784250,0x0000000789c00000)
 PSPermGen       total 21504K, used 9881K [0x000000077f800000, 0x0000000780d00000, 0x0000000784a00000)
  object space 21504K, 45% used [0x000000077f800000,0x00000007801a6798,0x0000000780d00000)
Event: 119783.268 GC heap after
Heap after GC invocations=189 (full 0):
 PSYoungGen      total 24064K, used 192K [0x00000007d6e00000, 0x00000007d8680000, 0x0000000800000000)
  eden space 23552K, 0% used [0x00000007d6e00000,0x00000007d6e00000,0x00000007d8500000)
  from space 512K, 37% used [0x00000007d8580000,0x00000007d85b0000,0x00000007d8600000)
  to   space 512K, 0% used [0x00000007d8600000,0x00000007d8600000,0x00000007d8680000)
 ParOldGen       total 83968K, used 13856K [0x0000000784a00000, 0x0000000789c00000, 0x00000007d6e00000)
  object space 83968K, 16% used [0x0000000784a00000,0x0000000785788250,0x0000000789c00000)
 PSPermGen       total 21504K, used 9881K [0x000000077f800000, 0x0000000780d00000, 0x0000000784a00000)
  object space 21504K, 45% used [0x000000077f800000,0x00000007801a6798,0x0000000780d00000)
}
Event: 120361.269 GC heap before
{Heap before GC invocations=190 (full 0):
 PSYoungGen      total 24064K, used 23744K [0x00000007d6e00000, 0x00000007d8680000, 0x0000000800000000)
  eden space 23552K, 100% used [0x00000007d6e00000,0x00000007d8500000,0x00000007d8500000)
  from space 512K, 37% used [0x00000007d8580000,0x00000007d85b0000,0x00000007d8600000)
  to   space 512K, 0% used [0x00000007d8600000,0x00000007d8600000,0x00000007d8680000)
 ParOldGen       total 83968K, used 13856K [0x0000000784a00000, 0x0000000789c00000, 0x00000007d6e00000)
  object space 83968K, 16% used [0x0000000784a00000,0x0000000785788250,0x0000000789c00000)
 PSPermGen       total 21504K, used 9881K [0x000000077f800000, 0x0000000780d00000, 0x0000000784a00000)
  object space 21504K, 45% used [0x000000077f800000,0x00000007801a6798,0x0000000780d00000)
Event: 120361.270 GC heap after
Heap after GC invocations=190 (full 0):
 PSYoungGen      total 24064K, used 224K [0x00000007d6e00000, 0x00000007d8680000, 0x0000000800000000)
  eden space 23552K, 0% used [0x00000007d6e00000,0x00000007d6e00000,0x00000007d8500000)
  from space 512K, 43% used [0x00000007d8600000,0x00000007d8638000,0x00000007d8680000)
  to   space 512K, 0% used [0x00000007d8580000,0x00000007d8580000,0x00000007d8600000)
 ParOldGen       total 83968K, used 13880K [0x0000000784a00000, 0x0000000789c00000, 0x00000007d6e00000)
  object space 83968K, 16% used [0x0000000784a00000,0x000000078578e250,0x0000000789c00000)
 PSPermGen       total 21504K, used 9881K [0x000000077f800000, 0x0000000780d00000, 0x0000000784a00000)
  object space 21504K, 45% used [0x000000077f800000,0x00000007801a6798,0x0000000780d00000)
}

