# JRE version: Java(TM) SE Runtime Environment (7.0_79-b15) (build 1.7.0_79-b15)
# Java VM: Java HotSpot(TM) 64-Bit Server VM (24.79-b02 mixed mode linux-amd64 compressed oops)
Heap
 PSYoungGen      total 60416K, used 9410K [0x00000007d6e00000, 0x00000007db500000, 0x0000000800000000)
  eden space 51200K, 17% used [0x00000007d6e00000,0x00000007d76d89e0,0x00000007da000000)
  from space 9216K, 3% used [0x00000007dac00000,0x00000007dac58000,0x00000007db500000)
  to   space 10752K, 0% used [0x00000007da000000,0x00000007da000000,0x00000007daa80000)
 ParOldGen       total 83968K, used 10756K [0x0000000784a00000, 0x0000000789c00000, 0x00000007d6e00000)
  object space 83968K, 12% used [0x0000000784a00000,0x0000000785481370,0x0000000789c00000)
 PSPermGen       total 21504K, used 9726K [0x000000077f800000, 0x0000000780d00000, 0x0000000784a00000)
  object space 21504K, 45% used [0x000000077f800000,0x000000078017f830,0x0000000780d00000)
GC Heap History (10 events):
Event: 8193.704 GC heap before
{Heap before GC invocations=8 (full 0):
 PSYoungGen      total 59904K, used 59456K [0x00000007d6e00000, 0x00000007dbb80000, 0x0000000800000000)
  eden space 58880K, 100% used [0x00000007d6e00000,0x00000007da780000,0x00000007da780000)
  from space 1024K, 56% used [0x00000007da900000,0x00000007da990000,0x00000007daa00000)
  to   space 10240K, 0% used [0x00000007db180000,0x00000007db180000,0x00000007dbb80000)
 ParOldGen       total 83968K, used 10580K [0x0000000784a00000, 0x0000000789c00000, 0x00000007d6e00000)
  object space 83968K, 12% used [0x0000000784a00000,0x0000000785455370,0x0000000789c00000)
 PSPermGen       total 21504K, used 9721K [0x000000077f800000, 0x0000000780d00000, 0x0000000784a00000)
  object space 21504K, 45% used [0x000000077f800000,0x000000078017e620,0x0000000780d00000)
Event: 8193.708 GC heap after
Heap after GC invocations=8 (full 0):
 PSYoungGen      total 67072K, used 448K [0x00000007d6e00000, 0x00000007dbb00000, 0x0000000800000000)
  eden space 57344K, 0% used [0x00000007d6e00000,0x00000007d6e00000,0x00000007da600000)
  from space 9728K, 4% used [0x00000007db180000,0x00000007db1f0000,0x00000007dbb00000)
  to   space 10752K, 0% used [0x00000007da600000,0x00000007da600000,0x00000007db080000)
 ParOldGen       total 83968K, used 10668K [0x0000000784a00000, 0x0000000789c00000, 0x00000007d6e00000)
  object space 83968K, 12% used [0x0000000784a00000,0x000000078546b370,0x0000000789c00000)
 PSPermGen       total 21504K, used 9721K [0x000000077f800000, 0x0000000780d00000, 0x0000000784a00000)
  object space 21504K, 45% used [0x000000077f800000,0x000000078017e620,0x0000000780d00000)
}
Event: 9386.842 GC heap before
{Heap before GC invocations=9 (full 0):
 PSYoungGen      total 67072K, used 57792K [0x00000007d6e00000, 0x00000007dbb00000, 0x0000000800000000)
  eden space 57344K, 100% used [0x00000007d6e00000,0x00000007da600000,0x00000007da600000)
  from space 9728K, 4% used [0x00000007db180000,0x00000007db1f0000,0x00000007dbb00000)
  to   space 10752K, 0% used [0x00000007da600000,0x00000007da600000,0x00000007db080000)
 ParOldGen       total 83968K, used 10668K [0x0000000784a00000, 0x0000000789c00000, 0x00000007d6e00000)
  object space 83968K, 12% used [0x0000000784a00000,0x000000078546b370,0x0000000789c00000)
 PSPermGen       total 21504K, used 9721K [0x000000077f800000, 0x0000000780d00000, 0x0000000784a00000)
  object space 21504K, 45% used [0x000000077f800000,0x000000078017e620,0x0000000780d00000)
Event: 9386.844 GC heap after
Heap after GC invocations=9 (full 0):
 PSYoungGen      total 56320K, used 448K [0x00000007d6e00000, 0x00000007db980000, 0x0000000800000000)
  eden space 55808K, 0% used [0x00000007d6e00000,0x00000007d6e00000,0x00000007da480000)
  from space 512K, 87% used [0x00000007da600000,0x00000007da670000,0x00000007da680000)
  to   space 10752K, 0% used [0x00000007daf00000,0x00000007daf00000,0x00000007db980000)
 ParOldGen       total 83968K, used 10692K [0x0000000784a00000, 0x0000000789c00000, 0x00000007d6e00000)
  object space 83968K, 12% used [0x0000000784a00000,0x0000000785471370,0x0000000789c00000)
 PSPermGen       total 21504K, used 9721K [0x000000077f800000, 0x0000000780d00000, 0x0000000784a00000)
  object space 21504K, 45% used [0x000000077f800000,0x000000078017e620,0x0000000780d00000)
}
Event: 10559.352 GC heap before
{Heap before GC invocations=10 (full 0):
 PSYoungGen      total 56320K, used 56256K [0x00000007d6e00000, 0x00000007db980000, 0x0000000800000000)
  eden space 55808K, 100% used [0x00000007d6e00000,0x00000007da480000,0x00000007da480000)
  from space 512K, 87% used [0x00000007da600000,0x00000007da670000,0x00000007da680000)
  to   space 10752K, 0% used [0x00000007daf00000,0x00000007daf00000,0x00000007db980000)
 ParOldGen       total 83968K, used 10692K [0x0000000784a00000, 0x0000000789c00000, 0x00000007d6e00000)
  object space 83968K, 12% used [0x0000000784a00000,0x0000000785471370,0x0000000789c00000)
 PSPermGen       total 21504K, used 9721K [0x000000077f800000, 0x0000000780d00000, 0x0000000784a00000)
  object space 21504K, 45% used [0x000000077f800000,0x000000078017e7d0,0x0000000780d00000)
Event: 10559.354 GC heap after
Heap after GC invocations=10 (full 0):
 PSYoungGen      total 63488K, used 416K [0x00000007d6e00000, 0x00000007db800000, 0x0000000800000000)
  eden space 54272K, 0% used [0x00000007d6e00000,0x00000007d6e00000,0x00000007da300000)
  from space 9216K, 4% used [0x00000007daf00000,0x00000007daf68000,0x00000007db800000)
  to   space 10752K, 0% used [0x00000007da300000,0x00000007da300000,0x00000007dad80000)
 ParOldGen       total 83968K, used 10708K [0x0000000784a00000, 0x0000000789c00000, 0x00000007d6e00000)
  object space 83968K, 12% used [0x0000000784a00000,0x0000000785475370,0x0000000789c00000)
 PSPermGen       total 21504K, used 9721K [0x000000077f800000, 0x0000000780d00000, 0x0000000784a00000)
  object space 21504K, 45% used [0x000000077f800000,0x000000078017e7d0,0x0000000780d00000)
}
Event: 11723.490 GC heap before
{Heap before GC invocations=11 (full 0):
 PSYoungGen      total 63488K, used 54688K [0x00000007d6e00000, 0x00000007db800000, 0x0000000800000000)
  eden space 54272K, 100% used [0x00000007d6e00000,0x00000007da300000,0x00000007da300000)
  from space 9216K, 4% used [0x00000007daf00000,0x00000007daf68000,0x00000007db800000)
  to   space 10752K, 0% used [0x00000007da300000,0x00000007da300000,0x00000007dad80000)
 ParOldGen       total 83968K, used 10708K [0x0000000784a00000, 0x0000000789c00000, 0x00000007d6e00000)
  object space 83968K, 12% used [0x0000000784a00000,0x0000000785475370,0x0000000789c00000)
 PSPermGen       total 21504K, used 9723K [0x000000077f800000, 0x0000000780d00000, 0x0000000784a00000)
  object space 21504K, 45% used [0x000000077f800000,0x000000078017ee58,0x0000000780d00000)
Event: 11723.493 GC heap after
Heap after GC invocations=11 (full 0):
 PSYoungGen      total 53248K, used 416K [0x00000007d6e00000, 0x00000007db680000, 0x0000000800000000)
  eden space 52736K, 0% used [0x00000007d6e00000,0x00000007d6e00000,0x00000007da180000)
  from space 512K, 81% used [0x00000007da300000,0x00000007da368000,0x00000007da380000)
  to   space 10752K, 0% used [0x00000007dac00000,0x00000007dac00000,0x00000007db680000)
 ParOldGen       total 83968K, used 10732K [0x0000000784a00000, 0x0000000789c00000, 0x00000007d6e00000)
  object space 83968K, 12% used [0x0000000784a00000,0x000000078547b370,0x0000000789c00000)
 PSPermGen       total 21504K, used 9723K [0x000000077f800000, 0x0000000780d00000, 0x0000000784a00000)
  object space 21504K, 45% used [0x000000077f800000,0x000000078017ee58,0x0000000780d00000)
}
Event: 12809.206 GC heap before
{Heap before GC invocations=12 (full 0):
 PSYoungGen      total 53248K, used 53152K [0x00000007d6e00000, 0x00000007db680000, 0x0000000800000000)
  eden space 52736K, 100% used [0x00000007d6e00000,0x00000007da180000,0x00000007da180000)
  from space 512K, 81% used [0x00000007da300000,0x00000007da368000,0x00000007da380000)
  to   space 10752K, 0% used [0x00000007dac00000,0x00000007dac00000,0x00000007db680000)
 ParOldGen       total 83968K, used 10732K [0x0000000784a00000, 0x0000000789c00000, 0x00000007d6e00000)
  object space 83968K, 12% used [0x0000000784a00000,0x000000078547b370,0x0000000789c00000)
 PSPermGen       total 21504K, used 9726K [0x000000077f800000, 0x0000000780d00000, 0x0000000784a00000)
  object space 21504K, 45% used [0x000000077f800000,0x000000078017f830,0x0000000780d00000)
Event: 12809.209 GC heap after
Heap after GC invocations=12 (full 0):
 PSYoungGen      total 60416K, used 352K [0x00000007d6e00000, 0x00000007db500000, 0x0000000800000000)
  eden space 51200K, 0% used [0x00000007d6e00000,0x00000007d6e00000,0x00000007da000000)
  from space 9216K, 3% used [0x00000007dac00000,0x00000007dac58000,0x00000007db500000)
  to   space 10752K, 0% used [0x00000007da000000,0x00000007da000000,0x00000007daa80000)
 ParOldGen       total 83968K, used 10756K [0x0000000784a00000, 0x0000000789c00000, 0x00000007d6e00000)
  object space 83968K, 12% used [0x0000000784a00000,0x0000000785481370,0x0000000789c00000)
 PSPermGen       total 21504K, used 9726K [0x000000077f800000, 0x0000000780d00000, 0x0000000784a00000)
  object space 21504K, 45% used [0x000000077f800000,0x000000078017f830,0x0000000780d00000)
}

