# JRE version: Java(TM) SE Runtime Environment (7.0_79-b15) (build 1.7.0_79-b15)
# Java VM: Java HotSpot(TM) 64-Bit Server VM (24.79-b02 mixed mode linux-amd64 compressed oops)
Heap
 PSYoungGen      total 25088K, used 9806K [0x00000007d6e00000, 0x00000007d8800000, 0x0000000800000000)
  eden space 23552K, 41% used [0x00000007d6e00000,0x00000007d77739b8,0x00000007d8500000)
  from space 1536K, 8% used [0x00000007d8500000,0x00000007d8520000,0x00000007d8680000)
  to   space 1536K, 0% used [0x00000007d8680000,0x00000007d8680000,0x00000007d8800000)
 ParOldGen       total 83968K, used 12680K [0x0000000784a00000, 0x0000000789c00000, 0x00000007d6e00000)
  object space 83968K, 15% used [0x0000000784a00000,0x0000000785662038,0x0000000789c00000)
 PSPermGen       total 21504K, used 9884K [0x000000077f800000, 0x0000000780d00000, 0x0000000784a00000)
  object space 21504K, 45% used [0x000000077f800000,0x00000007801a7350,0x0000000780d00000)
GC Heap History (10 events):
Event: 107369.069 GC heap before
{Heap before GC invocations=57 (full 0):
 PSYoungGen      total 25088K, used 23648K [0x00000007d6e00000, 0x00000007d8800000, 0x0000000800000000)
  eden space 23552K, 100% used [0x00000007d6e00000,0x00000007d8500000,0x00000007d8500000)
  from space 1536K, 6% used [0x00000007d8680000,0x00000007d8698000,0x00000007d8800000)
  to   space 1536K, 0% used [0x00000007d8500000,0x00000007d8500000,0x00000007d8680000)
 ParOldGen       total 83968K, used 12568K [0x0000000784a00000, 0x0000000789c00000, 0x00000007d6e00000)
  object space 83968K, 14% used [0x0000000784a00000,0x0000000785646038,0x0000000789c00000)
 PSPermGen       total 21504K, used 9881K [0x000000077f800000, 0x0000000780d00000, 0x0000000784a00000)
  object space 21504K, 45% used [0x000000077f800000,0x00000007801a6518,0x0000000780d00000)
Event: 107369.070 GC heap after
Heap after GC invocations=57 (full 0):
 PSYoungGen      total 25088K, used 128K [0x00000007d6e00000, 0x00000007d8800000, 0x0000000800000000)
  eden space 23552K, 0% used [0x00000007d6e00000,0x00000007d6e00000,0x00000007d8500000)
  from space 1536K, 8% used [0x00000007d8500000,0x00000007d8520000,0x00000007d8680000)
  to   space 1536K, 0% used [0x00000007d8680000,0x00000007d8680000,0x00000007d8800000)
 ParOldGen       total 83968K, used 12584K [0x0000000784a00000, 0x0000000789c00000, 0x00000007d6e00000)
  object space 83968K, 14% used [0x0000000784a00000,0x000000078564a038,0x0000000789c00000)
 PSPermGen       total 21504K, used 9881K [0x000000077f800000, 0x0000000780d00000, 0x0000000784a00000)
  object space 21504K, 45% used [0x000000077f800000,0x00000007801a6518,0x0000000780d00000)
}
Event: 107791.115 GC heap before
{Heap before GC invocations=58 (full 0):
 PSYoungGen      total 25088K, used 23680K [0x00000007d6e00000, 0x00000007d8800000, 0x0000000800000000)
  eden space 23552K, 100% used [0x00000007d6e00000,0x00000007d8500000,0x00000007d8500000)
  from space 1536K, 8% used [0x00000007d8500000,0x00000007d8520000,0x00000007d8680000)
  to   space 1536K, 0% used [0x00000007d8680000,0x00000007d8680000,0x00000007d8800000)
 ParOldGen       total 83968K, used 12584K [0x0000000784a00000, 0x0000000789c00000, 0x00000007d6e00000)
  object space 83968K, 14% used [0x0000000784a00000,0x000000078564a038,0x0000000789c00000)
 PSPermGen       total 21504K, used 9881K [0x000000077f800000, 0x0000000780d00000, 0x0000000784a00000)
  object space 21504K, 45% used [0x000000077f800000,0x00000007801a6518,0x0000000780d00000)
Event: 107791.117 GC heap after
Heap after GC invocations=58 (full 0):
 PSYoungGen      total 25088K, used 224K [0x00000007d6e00000, 0x00000007d8800000, 0x0000000800000000)
  eden space 23552K, 0% used [0x00000007d6e00000,0x00000007d6e00000,0x00000007d8500000)
  from space 1536K, 14% used [0x00000007d8680000,0x00000007d86b8000,0x00000007d8800000)
  to   space 1536K, 0% used [0x00000007d8500000,0x00000007d8500000,0x00000007d8680000)
 ParOldGen       total 83968K, used 12616K [0x0000000784a00000, 0x0000000789c00000, 0x00000007d6e00000)
  object space 83968K, 15% used [0x0000000784a00000,0x0000000785652038,0x0000000789c00000)
 PSPermGen       total 21504K, used 9881K [0x000000077f800000, 0x0000000780d00000, 0x0000000784a00000)
  object space 21504K, 45% used [0x000000077f800000,0x00000007801a6518,0x0000000780d00000)
}
Event: 107851.236 GC heap before
{Heap before GC invocations=59 (full 0):
 PSYoungGen      total 25088K, used 23776K [0x00000007d6e00000, 0x00000007d8800000, 0x0000000800000000)
  eden space 23552K, 100% used [0x00000007d6e00000,0x00000007d8500000,0x00000007d8500000)
  from space 1536K, 14% used [0x00000007d8680000,0x00000007d86b8000,0x00000007d8800000)
  to   space 1536K, 0% used [0x00000007d8500000,0x00000007d8500000,0x00000007d8680000)
 ParOldGen       total 83968K, used 12616K [0x0000000784a00000, 0x0000000789c00000, 0x00000007d6e00000)
  object space 83968K, 15% used [0x0000000784a00000,0x0000000785652038,0x0000000789c00000)
 PSPermGen       total 21504K, used 9881K [0x000000077f800000, 0x0000000780d00000, 0x0000000784a00000)
  object space 21504K, 45% used [0x000000077f800000,0x00000007801a6518,0x0000000780d00000)
Event: 107851.238 GC heap after
Heap after GC invocations=59 (full 0):
 PSYoungGen      total 25088K, used 128K [0x00000007d6e00000, 0x00000007d8800000, 0x0000000800000000)
  eden space 23552K, 0% used [0x00000007d6e00000,0x00000007d6e00000,0x00000007d8500000)
  from space 1536K, 8% used [0x00000007d8500000,0x00000007d8520000,0x00000007d8680000)
  to   space 1536K, 0% used [0x00000007d8680000,0x00000007d8680000,0x00000007d8800000)
 ParOldGen       total 83968K, used 12640K [0x0000000784a00000, 0x0000000789c00000, 0x00000007d6e00000)
  object space 83968K, 15% used [0x0000000784a00000,0x0000000785658038,0x0000000789c00000)
 PSPermGen       total 21504K, used 9881K [0x000000077f800000, 0x0000000780d00000, 0x0000000784a00000)
  object space 21504K, 45% used [0x000000077f800000,0x00000007801a6518,0x0000000780d00000)
}
Event: 109038.412 GC heap before
{Heap before GC invocations=60 (full 0):
 PSYoungGen      total 25088K, used 23680K [0x00000007d6e00000, 0x00000007d8800000, 0x0000000800000000)
  eden space 23552K, 100% used [0x00000007d6e00000,0x00000007d8500000,0x00000007d8500000)
  from space 1536K, 8% used [0x00000007d8500000,0x00000007d8520000,0x00000007d8680000)
  to   space 1536K, 0% used [0x00000007d8680000,0x00000007d8680000,0x00000007d8800000)
 ParOldGen       total 83968K, used 12640K [0x0000000784a00000, 0x0000000789c00000, 0x00000007d6e00000)
  object space 83968K, 15% used [0x0000000784a00000,0x0000000785658038,0x0000000789c00000)
 PSPermGen       total 21504K, used 9883K [0x000000077f800000, 0x0000000780d00000, 0x0000000784a00000)
  object space 21504K, 45% used [0x000000077f800000,0x00000007801a6cb0,0x0000000780d00000)
Event: 109038.414 GC heap after
Heap after GC invocations=60 (full 0):
 PSYoungGen      total 25088K, used 384K [0x00000007d6e00000, 0x00000007d8800000, 0x0000000800000000)
  eden space 23552K, 0% used [0x00000007d6e00000,0x00000007d6e00000,0x00000007d8500000)
  from space 1536K, 25% used [0x00000007d8680000,0x00000007d86e0000,0x00000007d8800000)
  to   space 1536K, 0% used [0x00000007d8500000,0x00000007d8500000,0x00000007d8680000)
 ParOldGen       total 83968K, used 12664K [0x0000000784a00000, 0x0000000789c00000, 0x00000007d6e00000)
  object space 83968K, 15% used [0x0000000784a00000,0x000000078565e038,0x0000000789c00000)
 PSPermGen       total 21504K, used 9883K [0x000000077f800000, 0x0000000780d00000, 0x0000000784a00000)
  object space 21504K, 45% used [0x000000077f800000,0x00000007801a6cb0,0x0000000780d00000)
}
Event: 109054.940 GC heap before
{Heap before GC invocations=61 (full 0):
 PSYoungGen      total 25088K, used 23936K [0x00000007d6e00000, 0x00000007d8800000, 0x0000000800000000)
  eden space 23552K, 100% used [0x00000007d6e00000,0x00000007d8500000,0x00000007d8500000)
  from space 1536K, 25% used [0x00000007d8680000,0x00000007d86e0000,0x00000007d8800000)
  to   space 1536K, 0% used [0x00000007d8500000,0x00000007d8500000,0x00000007d8680000)
 ParOldGen       total 83968K, used 12664K [0x0000000784a00000, 0x0000000789c00000, 0x00000007d6e00000)
  object space 83968K, 15% used [0x0000000784a00000,0x000000078565e038,0x0000000789c00000)
 PSPermGen       total 21504K, used 9883K [0x000000077f800000, 0x0000000780d00000, 0x0000000784a00000)
  object space 21504K, 45% used [0x000000077f800000,0x00000007801a6cb0,0x0000000780d00000)
Event: 109054.942 GC heap after
Heap after GC invocations=61 (full 0):
 PSYoungGen      total 25088K, used 128K [0x00000007d6e00000, 0x00000007d8800000, 0x0000000800000000)
  eden space 23552K, 0% used [0x00000007d6e00000,0x00000007d6e00000,0x00000007d8500000)
  from space 1536K, 8% used [0x00000007d8500000,0x00000007d8520000,0x00000007d8680000)
  to   space 1536K, 0% used [0x00000007d8680000,0x00000007d8680000,0x00000007d8800000)
 ParOldGen       total 83968K, used 12680K [0x0000000784a00000, 0x0000000789c00000, 0x00000007d6e00000)
  object space 83968K, 15% used [0x0000000784a00000,0x0000000785662038,0x0000000789c00000)
 PSPermGen       total 21504K, used 9883K [0x000000077f800000, 0x0000000780d00000, 0x0000000784a00000)
  object space 21504K, 45% used [0x000000077f800000,0x00000007801a6cb0,0x0000000780d00000)
}

